[debug] [2026-05-06T21:30:50.293Z] ----------------------------------------------------------------------
[debug] [2026-05-06T21:30:50.297Z] Command:       C:\Program Files\nodejs\node.exe C:\Users\Cecil\AppData\Roaming\npm\node_modules\firebase-tools\lib\bin\firebase.js projects:list
[debug] [2026-05-06T21:30:50.298Z] CLI Version:   14.27.0
[debug] [2026-05-06T21:30:50.298Z] Platform:      win32
[debug] [2026-05-06T21:30:50.299Z] Node Version:  v24.15.0
[debug] [2026-05-06T21:30:50.300Z] Time:          Wed May 06 2026 16:30:50 GMT-0500 (Central Daylight Time)
[debug] [2026-05-06T21:30:50.300Z] ----------------------------------------------------------------------
[debug] 
[debug] [2026-05-06T21:30:50.313Z] > command requires scopes: ["email","openid","https://www.googleapis.com/auth/cloudplatformprojects.readonly","https://www.googleapis.com/auth/firebase","https://www.googleapis.com/auth/cloud-platform"]
[debug] [2026-05-06T21:30:50.314Z] > authorizing via signed-in user (support@iveyai.co)
[debug] [2026-05-06T21:30:50.323Z] Checked if tokens are valid: false, expires at: 1744046772305
[debug] [2026-05-06T21:30:50.323Z] Checked if tokens are valid: false, expires at: 1744046772305
[debug] [2026-05-06T21:30:50.324Z] > refreshing access token with scopes: []
[debug] [2026-05-06T21:30:50.330Z] >>> [apiv2][query] POST https://www.googleapis.com/oauth2/v3/token [none]
[debug] [2026-05-06T21:30:50.330Z] >>> [apiv2][body] POST https://www.googleapis.com/oauth2/v3/token [omitted]
[debug] [2026-05-06T21:30:50.599Z] <<< [apiv2][status] POST https://www.googleapis.com/oauth2/v3/token 400
[debug] [2026-05-06T21:30:50.599Z] <<< [apiv2][body] POST https://www.googleapis.com/oauth2/v3/token [omitted]
[debug] [2026-05-06T21:30:50.600Z] >>> [apiv2][query] GET https://firebase.googleapis.com/v1beta1/projects pageSize=1000
[debug] [2026-05-06T21:30:50.897Z] <<< [apiv2][status] GET https://firebase.googleapis.com/v1beta1/projects 401
[debug] [2026-05-06T21:30:50.897Z] <<< [apiv2][body] GET https://firebase.googleapis.com/v1beta1/projects [omitted]
[debug] [2026-05-06T21:30:50.898Z] Got a 401 Unauthenticated error for a call that required authentication. Refreshing tokens.
[debug] [2026-05-06T21:30:50.898Z] Checked if tokens are valid: false, expires at: 1744046772305
[debug] [2026-05-06T21:30:50.898Z] Checked if tokens are valid: false, expires at: 1744046772305
[debug] [2026-05-06T21:30:50.898Z] > refreshing access token with scopes: []
[debug] [2026-05-06T21:30:50.899Z] >>> [apiv2][query] POST https://www.googleapis.com/oauth2/v3/token [none]
[debug] [2026-05-06T21:30:50.899Z] >>> [apiv2][body] POST https://www.googleapis.com/oauth2/v3/token [omitted]
[debug] [2026-05-06T21:30:50.984Z] <<< [apiv2][status] POST https://www.googleapis.com/oauth2/v3/token 400
[debug] [2026-05-06T21:30:50.984Z] <<< [apiv2][body] POST https://www.googleapis.com/oauth2/v3/token [omitted]
[debug] [2026-05-06T21:30:50.986Z] Request to https://firebase.googleapis.com/v1beta1/projects?pageSize=1000 had HTTP Error: 401, Request had invalid authentication credentials. Expected OAuth 2 access token, login cookie or other valid authentication credential. See https://developers.google.com/identity/sign-in/web/devconsole-project.
[debug] [2026-05-06T21:30:51.133Z] FirebaseError: Request to https://firebase.googleapis.com/v1beta1/projects?pageSize=1000 had HTTP Error: 401, Request had invalid authentication credentials. Expected OAuth 2 access token, login cookie or other valid authentication credential. See https://developers.google.com/identity/sign-in/web/devconsole-project.
    at responseToError (C:\Users\Cecil\AppData\Roaming\npm\node_modules\firebase-tools\lib\responseToError.js:53:12)
    at RetryOperation._fn (C:\Users\Cecil\AppData\Roaming\npm\node_modules\firebase-tools\lib\apiv2.js:322:77)
    at process.processTicksAndRejections (node:internal/process/task_queues:104:5)
[error] 
[error] Error: Failed to list Firebase projects. See firebase-debug.log for more info.
